<?xml version="1.0" encoding="UTF-8"?>
<testng-results skipped="0" failed="0" ignored="0" total="1" passed="1">
  <reporter-output>
  </reporter-output>
  <suite name="Default suite" duration-ms="12634" started-at="2021-02-25T05:41:40Z" finished-at="2021-02-25T05:41:53Z">
    <groups>
    </groups>
    <test name="Default test" duration-ms="12634" started-at="2021-02-25T05:41:40Z" finished-at="2021-02-25T05:41:53Z">
      <class name="executionengine.Driver1Test">
        <test-method status="PASS" signature="func1()[pri:1, instance:executionengine.Driver1Test@28d25987]" name="func1" duration-ms="12583" started-at="2021-02-25T05:41:41Z" finished-at="2021-02-25T05:41:53Z">
          <reporter-output>
          </reporter-output>
        </test-method> <!-- func1 -->
      </class> <!-- executionengine.Driver1Test -->
    </test> <!-- Default test -->
  </suite> <!-- Default suite -->
</testng-results>
